TN:
SF:/home/coldblood/WebProject/learnJavascript/src/index.js
FN:15,returnFirstArgument
FN:35,sumWithDefaults
FN:49,returnFnResult
FN:66,returnCounter
FN:68,(anonymous_4)
FN:83,returnArgumentsArray
FN:109,bindFunction
FNF:7
FNH:7
FNDA:2,returnFirstArgument
FNDA:3,sumWithDefaults
FNDA:1,returnFnResult
FNDA:4,returnCounter
FNDA:6,(anonymous_4)
FNDA:3,returnArgumentsArray
FNDA:2,bindFunction
DA:16,2
DA:19,1
DA:36,3
DA:39,1
DA:50,1
DA:68,4
DA:69,6
DA:72,1
DA:84,3
DA:86,3
DA:87,6
DA:90,3
DA:92,1
DA:110,2
LF:14
LH:14
BRDA:35,0,0,2
BRDA:66,1,0,2
BRF:2
BRH:2
end_of_record
