TN:
SF:/home/coldblood/WebProject/learnJavascript/src/index.js
FN:19,isAllTrue
FN:47,(anonymous_1)
FN:67,isSomeTrue
FN:95,(anonymous_3)
FN:110,returnBadArguments
FN:151,calculator
FNF:6
FNH:6
FNDA:9,isAllTrue
FNDA:5,(anonymous_1)
FNDA:6,isSomeTrue
FNDA:5,(anonymous_3)
FNDA:4,returnBadArguments
FNDA:8,calculator
DA:21,9
DA:23,9
DA:24,9
DA:25,1
DA:29,1
DA:32,9
DA:33,3
DA:36,6
DA:38,33
DA:40,32
DA:41,1
DA:44,4
DA:47,1
DA:48,5
DA:69,6
DA:71,6
DA:72,6
DA:73,2
DA:77,2
DA:80,6
DA:81,3
DA:84,3
DA:86,13
DA:88,12
DA:89,1
DA:92,1
DA:95,1
DA:96,5
DA:112,4
DA:114,4
DA:115,1
DA:118,3
DA:120,16
DA:121,16
DA:122,7
DA:126,12
DA:127,12
DA:131,3
DA:153,8
DA:154,2
DA:157,8
DA:158,1
DA:161,7
DA:164,2
DA:165,13
DA:166,0
DA:168,13
DA:170,2
DA:174,1
DA:175,9
DA:176,0
DA:178,9
DA:180,1
DA:184,2
DA:185,18
DA:186,1
DA:188,17
DA:190,1
DA:194,1
DA:195,5
DA:196,0
DA:198,5
DA:200,1
DA:204,7
LF:64
LH:61
BRDA:24,0,0,1
BRDA:24,0,1,8
BRDA:32,1,0,3
BRDA:32,1,1,6
BRDA:32,2,0,9
BRDA:32,2,1,7
BRDA:32,2,2,6
BRDA:40,3,0,1
BRDA:40,3,1,31
BRDA:72,4,0,2
BRDA:72,4,1,4
BRDA:80,5,0,3
BRDA:80,5,1,3
BRDA:80,6,0,6
BRDA:80,6,1,4
BRDA:80,6,2,3
BRDA:88,7,0,1
BRDA:88,7,1,11
BRDA:114,8,0,1
BRDA:114,8,1,3
BRDA:121,9,0,7
BRDA:121,9,1,4
BRDA:153,10,0,2
BRDA:153,10,1,6
BRDA:157,11,0,1
BRDA:157,11,1,7
BRDA:165,12,0,0
BRDA:165,12,1,13
BRDA:175,13,0,0
BRDA:175,13,1,9
BRDA:185,14,0,1
BRDA:185,14,1,17
BRDA:195,15,0,0
BRDA:195,15,1,5
BRF:34
BRH:31
end_of_record
